d:\work\git\ifz\gem\common\common.dir\debug\vc120.pdb
d:\work\git\ifz\gem\common\cmakefiles\generate.stamp
d:\work\git\ifz\gem\build\lib\debug\common.lib
d:\work\git\ifz\gem\common\common.dir\debug\bitconverter.obj
d:\work\git\ifz\gem\common\common.dir\debug\connection.obj
d:\work\git\ifz\gem\common\common.dir\debug\databasehelper.obj
d:\work\git\ifz\gem\common\common.dir\debug\databatchinserter.obj
d:\work\git\ifz\gem\common\common.dir\debug\file.obj
d:\work\git\ifz\gem\common\common.dir\debug\inisettings.obj
d:\work\git\ifz\gem\common\common.dir\debug\logger.obj
d:\work\git\ifz\gem\common\common.dir\debug\path.obj
d:\work\git\ifz\gem\common\common.dir\debug\common.tlog\cl.command.1.tlog
d:\work\git\ifz\gem\common\common.dir\debug\common.tlog\cl.read.1.tlog
d:\work\git\ifz\gem\common\common.dir\debug\common.tlog\cl.write.1.tlog
d:\work\git\ifz\gem\common\common.dir\debug\common.tlog\custombuild.command.1.tlog
d:\work\git\ifz\gem\common\common.dir\debug\common.tlog\custombuild.read.1.tlog
d:\work\git\ifz\gem\common\common.dir\debug\common.tlog\custombuild.write.1.tlog
d:\work\git\ifz\gem\common\common.dir\debug\common.tlog\lib-link.read.1.tlog
d:\work\git\ifz\gem\common\common.dir\debug\common.tlog\lib-link.write.1.tlog
d:\work\git\ifz\gem\common\common.dir\debug\common.tlog\lib.command.1.tlog
